================================================================================
Training started: Phase 2A - Tree Models
Game: Lotto Max
Time: 2025-11-30 13:45:36
================================================================================

Initialized trainer for lotto_max
  Data directory: C:\Users\dian_\OneDrive\1 - My Documents\9 - Rocket Innovations Inc\gaming-ai-bot\data\features\advanced\lotto_max
  Models directory: C:\Users\dian_\OneDrive\1 - My Documents\9 - Rocket Innovations Inc\gaming-ai-bot\models\advanced\lotto_max

============================================================
Starting Advanced Tree Model Training
Game: lotto_max
Positions: 7
Numbers: 50
============================================================

Loading engineered features from C:\Users\dian_\OneDrive\1 - My Documents\9 - Rocket Innovations Inc\gaming-ai-bot\data\features\advanced\lotto_max
Feature shape: (58000, 6)
Train shape: (40600, 6), Unique classes: 50
Val shape: (8700, 6), Unique classes: 50
Test shape: (8700, 6), Unique classes: 50

************************************************************
Position 1/7
************************************************************

=== XGBoost Position 1 ===
[I 2025-11-30 13:45:40,620] A new study created in memory with name: no-name-56f50f6d-71f9-4b2d-b8df-31c12a123d85
